[2018/07/14 15:14:07] PageModel.main() Start[2018/07/14 15:49:42] PageModel.main() Start[2018/07/14 17:33:01] delBlogPosts() Start[2018/07/14 17:34:03] delBlogPosts() Start[2018/07/14 17:34:32] delBlogPosts() Start[2018/07/14 17:34:32] Array
(
)
[2018/07/14 17:35:00] delBlogPosts() Start[2018/07/14 17:35:00] Array
(
)
[2018/07/14 17:35:00] Array
(
)
[2018/07/14 17:35:27] delBlogPosts() Start[2018/07/14 17:35:27] Array
(
)
[2018/07/14 17:35:27] Array
(
)
[2018/07/14 17:35:32] delBlogPosts() Start[2018/07/14 17:35:32] Array
(
)
[2018/07/14 17:35:32] Array
(
)
[2018/07/14 17:36:04] delBlogPosts() Start[2018/07/14 17:36:04] Array
(
)
[2018/07/14 17:36:04] Array
(
)
[2018/07/14 17:37:07] delBlogPosts() Start[2018/07/14 17:37:07] Array
(
)
[2018/07/14 17:37:07] Array
(
)
[2018/07/14 17:37:14] delBlogPosts() Start[2018/07/14 17:37:14] Array
(
)
[2018/07/14 17:37:14] Array
(
)
[2018/07/14 17:38:08] delBlogPosts() Start[2018/07/14 17:38:08] Array
(
)
[2018/07/14 17:38:08] Array
(
)
[2018/07/14 17:38:34] delBlogPosts() Start[2018/07/14 17:38:34] Array
(
)
[2018/07/14 17:38:34] Array
(
)
[2018/07/14 17:39:54] delBlogPosts() Start[2018/07/14 17:39:54] Array
(
)
[2018/07/14 17:39:54] Array
(
)
[2018/07/14 17:40:33] delBlogPosts() Start[2018/07/14 17:40:33] Array
(
)
[2018/07/14 17:40:33] Array
(
)
[2018/07/14 17:40:33] Array
(
)
[2018/07/14 17:41:01] delBlogPosts() Start[2018/07/14 17:41:01] Array
(
)
[2018/07/14 17:41:01] Array
(
)
[2018/07/14 17:41:01] Array
(
)
[2018/07/14 17:41:20] delBlogPosts() Start[2018/07/14 17:41:20] Array
(
)
[2018/07/14 17:41:20] Array
(
)
[2018/07/14 17:41:20] Array
(
)
[2018/07/14 17:41:32] delBlogPosts() Start[2018/07/14 17:41:32] Array
(
)
[2018/07/14 17:41:32] Array
(
)
[2018/07/14 17:41:32] Array
(
)
[2018/07/14 17:43:50] delBlogPosts() Start[2018/07/14 17:43:50] Array
(
)
[2018/07/14 17:43:50] Array
(
)
[2018/07/14 17:43:50] Array
(
)
[2018/07/14 18:01:01] delBlogPosts() Start[2018/07/14 18:01:01] Array
(
)
[2018/07/14 18:01:01] Array
(
)
[2018/07/14 18:01:01] Array
(
)
[2018/07/14 18:01:05] delBlogPosts() Start[2018/07/14 18:01:05] Array
(
)
[2018/07/14 18:01:05] Array
(
)
[2018/07/14 18:01:05] Array
(
)
[2018/07/14 18:01:14] delBlogPosts() Start[2018/07/14 18:01:14] Array
(
)
[2018/07/14 18:01:14] Array
(
)
[2018/07/14 18:01:14] Array
(
)
[2018/07/14 18:03:27] delBlogPosts() Start[2018/07/14 18:03:27] Array
(
)
[2018/07/14 18:03:27] Array
(
)
[2018/07/14 18:03:36] delBlogPosts() Start[2018/07/14 18:03:36] Array
(
)
[2018/07/14 18:03:36] Array
(
)
[2018/07/14 18:05:10] delBlogPosts() Start[2018/07/14 18:05:10] Array
(
)
[2018/07/14 18:05:10] Array
(
)
[2018/07/14 18:05:33] delBlogPosts() Start[2018/07/14 18:05:33] Array
(
)
[2018/07/14 18:05:33] Array
(
)
[2018/07/14 18:05:52] delBlogPosts() Start[2018/07/14 18:05:52] Array
(
)
[2018/07/14 18:05:52] Array
(
)
[2018/07/14 18:07:24] delBlogPosts() Start[2018/07/14 18:07:24] Array
(
)
[2018/07/14 18:07:24] Array
(
    [test1] => test2
)
[2018/07/14 18:07:40] delBlogPosts() Start[2018/07/14 18:07:40] Array
(
)
[2018/07/14 18:07:40] Array
(
)
[2018/07/14 18:08:10] delBlogPosts() Start[2018/07/14 18:08:10] Array
(
)
[2018/07/14 18:08:10] Array
(
)
[2018/07/14 18:08:24] delBlogPosts() Start[2018/07/14 18:08:24] Array
(
)
[2018/07/14 18:08:24] Array
(
)
[2018/07/14 18:09:32] delBlogPosts() Start[2018/07/14 18:09:32] Array
(
)
[2018/07/14 18:09:32] Array
(
    [test1] => test2
)
[2018/07/14 18:11:39] Array
(
    [test1] => test2
)
[2018/07/14 18:12:05] Array
(
    [id] => 44
)
[2018/07/14 18:12:27] Array
(
    [id] => 22
)
[2018/07/14 18:13:53] Array
(
    [id] => 43
)
[2018/07/14 18:13:55] Array
(
    [id] => 41
)
[2018/07/14 18:13:57] Array
(
    [id] => 38
)
[2018/07/14 18:13:57] Array
(
    [id] => 39
)
[2018/07/14 18:13:58] Array
(
    [id] => 40
)
[2018/07/14 18:14:01] Array
(
    [id] => 33
)
[2018/07/14 18:14:02] Array
(
    [id] => 31
)
[2018/07/14 18:15:50] Array
(
    [id] => 42
)
[2018/07/14 18:15:51] Array
(
    [id] => 35
)
[2018/07/14 18:15:52] Array
(
    [id] => 36
)
[2018/07/14 18:15:53] Array
(
    [id] => 37
)
[2018/07/14 18:15:54] Array
(
    [id] => 45
)
[2018/07/14 18:15:55] Array
(
    [id] => 34
)
[2018/07/14 18:15:55] Array
(
    [id] => 32
)
[2018/07/14 18:15:55] Array
(
    [id] => 29
)
[2018/07/14 18:15:55] Array
(
    [id] => 30
)
[2018/07/14 18:15:56] Array
(
    [id] => 28
)
[2018/07/14 18:15:56] Array
(
    [id] => 27
)
[2018/07/14 18:15:56] Array
(
    [id] => 26
)
[2018/07/14 18:15:57] Array
(
    [id] => 25
)
[2018/07/14 18:15:57] Array
(
    [id] => 24
)
[2018/07/14 18:15:57] Array
(
    [id] => 23
)
[2018/07/14 18:15:58] Array
(
    [id] => 19
)
[2018/07/14 18:15:59] Array
(
    [id] => 18
)
[2018/07/14 18:16:00] Array
(
    [id] => 20
)
[2018/07/14 18:16:00] Array
(
    [id] => 17
)
[2018/07/14 18:16:00] Array
(
    [id] => 15
)
[2018/07/14 18:16:00] Array
(
    [id] => 16
)
[2018/07/14 18:16:01] Array
(
    [id] => 13
)
[2018/07/14 18:16:02] Array
(
    [id] => 14
)
[2018/07/14 18:16:05] Array
(
    [id] => 12
)
[2018/07/14 18:16:06] Array
(
    [id] => 9
)
[2018/07/14 18:16:07] Array
(
    [id] => 11
)
[2018/07/14 18:16:09] Array
(
    [id] => 8
)
[2018/07/14 18:16:10] Array
(
    [id] => 6
)
[2018/07/14 18:16:11] Array
(
    [id] => 10
)
[2018/07/14 18:16:12] Array
(
    [id] => 21
)
[2018/07/14 18:16:26] Array
(
    [id] => 7
)
[2018/07/14 18:16:41] Array
(
    [id] => 3
)
[2018/07/14 18:17:08] Array
(
    [id] => 1
)
